{"numTotalTestSuites":10,"numPassedTestSuites":10,"numFailedTestSuites":0,"numPendingTestSuites":0,"numTotalTests":27,"numPassedTests":27,"numFailedTests":0,"numPendingTests":0,"numTodoTests":0,"snapshot":{"added":0,"failure":false,"filesAdded":0,"filesRemoved":0,"filesRemovedList":[],"filesUnmatched":0,"filesUpdated":0,"matched":0,"total":0,"unchecked":0,"uncheckedKeysByFile":[],"unmatched":0,"updated":0,"didUpdate":false},"startTime":1763057342176,"success":true,"testResults":[{"assertionResults":[{"ancestorTitles":["SecurityStatic v2.1 Tests","Initialisierung"],"fullName":"SecurityStatic v2.1 Tests Initialisierung sollte korrekt initialisiert werden","status":"passed","title":"sollte korrekt initialisiert werden","duration":1.5337089999999876,"failureMessages":[],"meta":{}},{"ancestorTitles":["SecurityStatic v2.1 Tests","Initialisierung"],"fullName":"SecurityStatic v2.1 Tests Initialisierung sollte Session bei Initialisierung erstellen","status":"passed","title":"sollte Session bei Initialisierung erstellen","duration":0.3523339999999848,"failureMessages":[],"meta":{}},{"ancestorTitles":["SecurityStatic v2.1 Tests","Hash-Funktionen"],"fullName":"SecurityStatic v2.1 Tests Hash-Funktionen sollte deterministische Hashes erzeugen","status":"passed","title":"sollte deterministische Hashes erzeugen","duration":0.2845420000000445,"failureMessages":[],"meta":{}},{"ancestorTitles":["SecurityStatic v2.1 Tests","Hash-Funktionen"],"fullName":"SecurityStatic v2.1 Tests Hash-Funktionen sollte verschiedene Output-Formate unterstützen","status":"passed","title":"sollte verschiedene Output-Formate unterstützen","duration":0.5913750000000277,"failureMessages":[],"meta":{}},{"ancestorTitles":["SecurityStatic v2.1 Tests","Hash-Funktionen"],"fullName":"SecurityStatic v2.1 Tests Hash-Funktionen sollte deterministischen Salt basierend auf Input erstellen","status":"passed","title":"sollte deterministischen Salt basierend auf Input erstellen","duration":0.22775000000001455,"failureMessages":[],"meta":{}},{"ancestorTitles":["SecurityStatic v2.1 Tests","HMAC-SHA256"],"fullName":"SecurityStatic v2.1 Tests HMAC-SHA256 sollte HMAC in Hex-Format ausgeben","status":"passed","title":"sollte HMAC in Hex-Format ausgeben","duration":0.2572499999999991,"failureMessages":[],"meta":{}},{"ancestorTitles":["SecurityStatic v2.1 Tests","HMAC-SHA256"],"fullName":"SecurityStatic v2.1 Tests HMAC-SHA256 sollte HMAC in Base64-Format ausgeben","status":"passed","title":"sollte HMAC in Base64-Format ausgeben","duration":0.258166000000017,"failureMessages":[],"meta":{}},{"ancestorTitles":["SecurityStatic v2.1 Tests","HMAC-SHA256"],"fullName":"SecurityStatic v2.1 Tests HMAC-SHA256 sollte Uint8Array ausgeben wenn gewünscht","status":"passed","title":"sollte Uint8Array ausgeben wenn gewünscht","duration":0.2551250000000209,"failureMessages":[],"meta":{}},{"ancestorTitles":["SecurityStatic v2.1 Tests","HMAC-SHA256"],"fullName":"SecurityStatic v2.1 Tests HMAC-SHA256 sollte deterministisch sein","status":"passed","title":"sollte deterministisch sein","duration":0.6212909999999852,"failureMessages":[],"meta":{}},{"ancestorTitles":["SecurityStatic v2.1 Tests","Answer Hashing"],"fullName":"SecurityStatic v2.1 Tests Answer Hashing sollte Antworten normalisieren","status":"passed","title":"sollte Antworten normalisieren","duration":0.308667000000014,"failureMessages":[],"meta":{}},{"ancestorTitles":["SecurityStatic v2.1 Tests","Answer Hashing"],"fullName":"SecurityStatic v2.1 Tests Answer Hashing sollte verschiedene Hash-Algorithmen unterstützen","status":"passed","title":"sollte verschiedene Hash-Algorithmen unterstützen","duration":0.306583000000046,"failureMessages":[],"meta":{}},{"ancestorTitles":["SecurityStatic v2.1 Tests","Answer Hashing"],"fullName":"SecurityStatic v2.1 Tests Answer Hashing sollte Output-Format respektieren","status":"passed","title":"sollte Output-Format respektieren","duration":0.14133400000002894,"failureMessages":[],"meta":{}},{"ancestorTitles":["SecurityStatic v2.1 Tests","Answer Hashing"],"fullName":"SecurityStatic v2.1 Tests Answer Hashing sollte mit deterministischen Salts konsistent sein","status":"passed","title":"sollte mit deterministischen Salts konsistent sein","duration":0.09412499999996271,"failureMessages":[],"meta":{}},{"ancestorTitles":["SecurityStatic v2.1 Tests","Session Management"],"fullName":"SecurityStatic v2.1 Tests Session Management sollte Session als gültig validieren","status":"passed","title":"sollte Session als gültig validieren","duration":0.12179199999997081,"failureMessages":[],"meta":{}},{"ancestorTitles":["SecurityStatic v2.1 Tests","Session Management"],"fullName":"SecurityStatic v2.1 Tests Session Management sollte abgelaufene Session erkennen","status":"passed","title":"sollte abgelaufene Session erkennen","duration":0.16741700000000037,"failureMessages":[],"meta":{}},{"ancestorTitles":["SecurityStatic v2.1 Tests","Session Management"],"fullName":"SecurityStatic v2.1 Tests Session Management sollte Session erneuern bei langer Inaktivität","status":"passed","title":"sollte Session erneuern bei langer Inaktivität","duration":0.1612079999999878,"failureMessages":[],"meta":{}},{"ancestorTitles":["SecurityStatic v2.1 Tests","Session Management"],"fullName":"SecurityStatic v2.1 Tests Session Management sollte Session korrekt invalidieren","status":"passed","title":"sollte Session korrekt invalidieren","duration":0.09545900000000529,"failureMessages":[],"meta":{}},{"ancestorTitles":["SecurityStatic v2.1 Tests","Rate Limiting"],"fullName":"SecurityStatic v2.1 Tests Rate Limiting sollte Rate-Limit für unbekannte Aktion erlauben","status":"passed","title":"sollte Rate-Limit für unbekannte Aktion erlauben","duration":0.0961250000000291,"failureMessages":[],"meta":{}},{"ancestorTitles":["SecurityStatic v2.1 Tests","Rate Limiting"],"fullName":"SecurityStatic v2.1 Tests Rate Limiting sollte Rate-Limit für answerSubmission korrekt implementieren","status":"passed","title":"sollte Rate-Limit für answerSubmission korrekt implementieren","duration":0.18341700000001993,"failureMessages":[],"meta":{}},{"ancestorTitles":["SecurityStatic v2.1 Tests","Rate Limiting"],"fullName":"SecurityStatic v2.1 Tests Rate Limiting sollte Rate-Limit pro Identifier separat verwalten","status":"passed","title":"sollte Rate-Limit pro Identifier separat verwalten","duration":0.06912500000004229,"failureMessages":[],"meta":{}},{"ancestorTitles":["SecurityStatic v2.1 Tests","Rate Limiting"],"fullName":"SecurityStatic v2.1 Tests Rate Limiting sollte detaillierte Rate-Limit-Informationen zurückgeben","status":"passed","title":"sollte detaillierte Rate-Limit-Informationen zurückgeben","duration":0.1302909999999997,"failureMessages":[],"meta":{}},{"ancestorTitles":["SecurityStatic v2.1 Tests","Utility-Funktionen"],"fullName":"SecurityStatic v2.1 Tests Utility-Funktionen sollte sichere IDs generieren","status":"passed","title":"sollte sichere IDs generieren","duration":0.10491700000000037,"failureMessages":[],"meta":{}},{"ancestorTitles":["SecurityStatic v2.1 Tests","Utility-Funktionen"],"fullName":"SecurityStatic v2.1 Tests Utility-Funktionen sollte simpleHash deterministisch sein","status":"passed","title":"sollte simpleHash deterministisch sein","duration":0.1454159999999547,"failureMessages":[],"meta":{}},{"ancestorTitles":["SecurityStatic v2.1 Tests","Utility-Funktionen"],"fullName":"SecurityStatic v2.1 Tests Utility-Funktionen sollte direkten SHA-256-Hash korrekt implementieren","status":"passed","title":"sollte direkten SHA-256-Hash korrekt implementieren","duration":0.10499999999996135,"failureMessages":[],"meta":{}},{"ancestorTitles":["SecurityStatic v2.1 Tests","Integration Tests"],"fullName":"SecurityStatic v2.1 Tests Integration Tests sollte kompletten Puzzle-Answer-Flow handhaben","status":"passed","title":"sollte kompletten Puzzle-Answer-Flow handhaben","duration":0.213833999999963,"failureMessages":[],"meta":{}},{"ancestorTitles":["SecurityStatic v2.1 Tests","Integration Tests"],"fullName":"SecurityStatic v2.1 Tests Integration Tests sollte Security-Report vollständig ausgeben","status":"passed","title":"sollte Security-Report vollständig ausgeben","duration":0.11120799999997644,"failureMessages":[],"meta":{}},{"ancestorTitles":["SecurityStatic v2.1 Tests","Integration Tests"],"fullName":"SecurityStatic v2.1 Tests Integration Tests sollte verschiedene Hash-Algorithmen konsistent verhalten","status":"passed","title":"sollte verschiedene Hash-Algorithmen konsistent verhalten","duration":0.12504200000000765,"failureMessages":[],"meta":{}}],"startTime":1763057342280,"endTime":1763057342287.2139,"status":"passed","message":"","name":"/Users/michaelschleevoigt/Downloads/mein-flutter-webapp-main/Weihnachtsrallye/Rätzel_winter_2025/flutter_raetze_winterl_2025/raetzel_winter_2025/tests/securityStatic.test.js"}]}