{"numTotalTestSuites":10,"numPassedTestSuites":10,"numFailedTestSuites":0,"numPendingTestSuites":0,"numTotalTests":27,"numPassedTests":27,"numFailedTests":0,"numPendingTests":0,"numTodoTests":0,"snapshot":{"added":0,"failure":false,"filesAdded":0,"filesRemoved":0,"filesRemovedList":[],"filesUnmatched":0,"filesUpdated":0,"matched":0,"total":0,"unchecked":0,"uncheckedKeysByFile":[],"unmatched":0,"updated":0,"didUpdate":false},"startTime":1763067680350,"success":true,"testResults":[{"assertionResults":[{"ancestorTitles":["SecurityStatic v2.1 Tests","Initialisierung"],"fullName":"SecurityStatic v2.1 Tests Initialisierung sollte korrekt initialisiert werden","status":"passed","title":"sollte korrekt initialisiert werden","duration":1.5130000000000337,"failureMessages":[],"meta":{}},{"ancestorTitles":["SecurityStatic v2.1 Tests","Initialisierung"],"fullName":"SecurityStatic v2.1 Tests Initialisierung sollte Session bei Initialisierung erstellen","status":"passed","title":"sollte Session bei Initialisierung erstellen","duration":0.3991250000000264,"failureMessages":[],"meta":{}},{"ancestorTitles":["SecurityStatic v2.1 Tests","Hash-Funktionen"],"fullName":"SecurityStatic v2.1 Tests Hash-Funktionen sollte deterministische Hashes erzeugen","status":"passed","title":"sollte deterministische Hashes erzeugen","duration":0.31387499999993906,"failureMessages":[],"meta":{}},{"ancestorTitles":["SecurityStatic v2.1 Tests","Hash-Funktionen"],"fullName":"SecurityStatic v2.1 Tests Hash-Funktionen sollte verschiedene Output-Formate unterstützen","status":"passed","title":"sollte verschiedene Output-Formate unterstützen","duration":0.5249999999999773,"failureMessages":[],"meta":{}},{"ancestorTitles":["SecurityStatic v2.1 Tests","Hash-Funktionen"],"fullName":"SecurityStatic v2.1 Tests Hash-Funktionen sollte deterministischen Salt basierend auf Input erstellen","status":"passed","title":"sollte deterministischen Salt basierend auf Input erstellen","duration":0.15275000000008276,"failureMessages":[],"meta":{}},{"ancestorTitles":["SecurityStatic v2.1 Tests","HMAC-SHA256"],"fullName":"SecurityStatic v2.1 Tests HMAC-SHA256 sollte HMAC in Hex-Format ausgeben","status":"passed","title":"sollte HMAC in Hex-Format ausgeben","duration":0.2608749999999418,"failureMessages":[],"meta":{}},{"ancestorTitles":["SecurityStatic v2.1 Tests","HMAC-SHA256"],"fullName":"SecurityStatic v2.1 Tests HMAC-SHA256 sollte HMAC in Base64-Format ausgeben","status":"passed","title":"sollte HMAC in Base64-Format ausgeben","duration":0.1904580000000351,"failureMessages":[],"meta":{}},{"ancestorTitles":["SecurityStatic v2.1 Tests","HMAC-SHA256"],"fullName":"SecurityStatic v2.1 Tests HMAC-SHA256 sollte Uint8Array ausgeben wenn gewünscht","status":"passed","title":"sollte Uint8Array ausgeben wenn gewünscht","duration":0.19070799999997234,"failureMessages":[],"meta":{}},{"ancestorTitles":["SecurityStatic v2.1 Tests","HMAC-SHA256"],"fullName":"SecurityStatic v2.1 Tests HMAC-SHA256 sollte deterministisch sein","status":"passed","title":"sollte deterministisch sein","duration":0.5639170000000604,"failureMessages":[],"meta":{}},{"ancestorTitles":["SecurityStatic v2.1 Tests","Answer Hashing"],"fullName":"SecurityStatic v2.1 Tests Answer Hashing sollte Antworten normalisieren","status":"passed","title":"sollte Antworten normalisieren","duration":0.2782080000000633,"failureMessages":[],"meta":{}},{"ancestorTitles":["SecurityStatic v2.1 Tests","Answer Hashing"],"fullName":"SecurityStatic v2.1 Tests Answer Hashing sollte verschiedene Hash-Algorithmen unterstützen","status":"passed","title":"sollte verschiedene Hash-Algorithmen unterstützen","duration":0.5867090000000417,"failureMessages":[],"meta":{}},{"ancestorTitles":["SecurityStatic v2.1 Tests","Answer Hashing"],"fullName":"SecurityStatic v2.1 Tests Answer Hashing sollte Output-Format respektieren","status":"passed","title":"sollte Output-Format respektieren","duration":0.2039999999999509,"failureMessages":[],"meta":{}},{"ancestorTitles":["SecurityStatic v2.1 Tests","Answer Hashing"],"fullName":"SecurityStatic v2.1 Tests Answer Hashing sollte mit deterministischen Salts konsistent sein","status":"passed","title":"sollte mit deterministischen Salts konsistent sein","duration":0.11604099999999562,"failureMessages":[],"meta":{}},{"ancestorTitles":["SecurityStatic v2.1 Tests","Session Management"],"fullName":"SecurityStatic v2.1 Tests Session Management sollte Session als gültig validieren","status":"passed","title":"sollte Session als gültig validieren","duration":0.1477909999999838,"failureMessages":[],"meta":{}},{"ancestorTitles":["SecurityStatic v2.1 Tests","Session Management"],"fullName":"SecurityStatic v2.1 Tests Session Management sollte abgelaufene Session erkennen","status":"passed","title":"sollte abgelaufene Session erkennen","duration":0.6190829999999323,"failureMessages":[],"meta":{}},{"ancestorTitles":["SecurityStatic v2.1 Tests","Session Management"],"fullName":"SecurityStatic v2.1 Tests Session Management sollte Session erneuern bei langer Inaktivität","status":"passed","title":"sollte Session erneuern bei langer Inaktivität","duration":0.18675000000007458,"failureMessages":[],"meta":{}},{"ancestorTitles":["SecurityStatic v2.1 Tests","Session Management"],"fullName":"SecurityStatic v2.1 Tests Session Management sollte Session korrekt invalidieren","status":"passed","title":"sollte Session korrekt invalidieren","duration":0.09874999999999545,"failureMessages":[],"meta":{}},{"ancestorTitles":["SecurityStatic v2.1 Tests","Rate Limiting"],"fullName":"SecurityStatic v2.1 Tests Rate Limiting sollte Rate-Limit für unbekannte Aktion erlauben","status":"passed","title":"sollte Rate-Limit für unbekannte Aktion erlauben","duration":0.09762499999999363,"failureMessages":[],"meta":{}},{"ancestorTitles":["SecurityStatic v2.1 Tests","Rate Limiting"],"fullName":"SecurityStatic v2.1 Tests Rate Limiting sollte Rate-Limit für answerSubmission korrekt implementieren","status":"passed","title":"sollte Rate-Limit für answerSubmission korrekt implementieren","duration":0.175707999999986,"failureMessages":[],"meta":{}},{"ancestorTitles":["SecurityStatic v2.1 Tests","Rate Limiting"],"fullName":"SecurityStatic v2.1 Tests Rate Limiting sollte Rate-Limit pro Identifier separat verwalten","status":"passed","title":"sollte Rate-Limit pro Identifier separat verwalten","duration":0.07100000000002638,"failureMessages":[],"meta":{}},{"ancestorTitles":["SecurityStatic v2.1 Tests","Rate Limiting"],"fullName":"SecurityStatic v2.1 Tests Rate Limiting sollte detaillierte Rate-Limit-Informationen zurückgeben","status":"passed","title":"sollte detaillierte Rate-Limit-Informationen zurückgeben","duration":0.1294589999999971,"failureMessages":[],"meta":{}},{"ancestorTitles":["SecurityStatic v2.1 Tests","Utility-Funktionen"],"fullName":"SecurityStatic v2.1 Tests Utility-Funktionen sollte sichere IDs generieren","status":"passed","title":"sollte sichere IDs generieren","duration":0.1084170000000313,"failureMessages":[],"meta":{}},{"ancestorTitles":["SecurityStatic v2.1 Tests","Utility-Funktionen"],"fullName":"SecurityStatic v2.1 Tests Utility-Funktionen sollte simpleHash deterministisch sein","status":"passed","title":"sollte simpleHash deterministisch sein","duration":0.1402500000000373,"failureMessages":[],"meta":{}},{"ancestorTitles":["SecurityStatic v2.1 Tests","Utility-Funktionen"],"fullName":"SecurityStatic v2.1 Tests Utility-Funktionen sollte direkten SHA-256-Hash korrekt implementieren","status":"passed","title":"sollte direkten SHA-256-Hash korrekt implementieren","duration":0.10745800000006511,"failureMessages":[],"meta":{}},{"ancestorTitles":["SecurityStatic v2.1 Tests","Integration Tests"],"fullName":"SecurityStatic v2.1 Tests Integration Tests sollte kompletten Puzzle-Answer-Flow handhaben","status":"passed","title":"sollte kompletten Puzzle-Answer-Flow handhaben","duration":0.20229200000005676,"failureMessages":[],"meta":{}},{"ancestorTitles":["SecurityStatic v2.1 Tests","Integration Tests"],"fullName":"SecurityStatic v2.1 Tests Integration Tests sollte Security-Report vollständig ausgeben","status":"passed","title":"sollte Security-Report vollständig ausgeben","duration":0.1074589999999489,"failureMessages":[],"meta":{}},{"ancestorTitles":["SecurityStatic v2.1 Tests","Integration Tests"],"fullName":"SecurityStatic v2.1 Tests Integration Tests sollte verschiedene Hash-Algorithmen konsistent verhalten","status":"passed","title":"sollte verschiedene Hash-Algorithmen konsistent verhalten","duration":0.12370900000007623,"failureMessages":[],"meta":{}}],"startTime":1763067680463,"endTime":1763067680471.2024,"status":"passed","message":"","name":"/Users/michaelschleevoigt/Downloads/mein-flutter-webapp-main/Weihnachtsrallye/Rätzel_winter_2025/flutter_raetze_winterl_2025/raetzel_winter_2025/tests/securityStatic.test.js"}]}